#
# There is insufficient memory for the Java Runtime Environment to continue.
# Native memory allocation (malloc) failed to allocate 2263856 bytes for Chunk::new
# Possible reasons:
#   The system is out of physical RAM or swap space
#   In 32 bit mode, the process size limit was hit
# Possible solutions:
#   Reduce memory load on the system
#   Increase physical memory or swap space
#   Check if swap backing store is full
#   Use 64 bit Java on a 64 bit OS
#   Decrease Java heap size (-Xmx/-Xms)
#   Decrease number of Java threads
#   Decrease Java thread stack sizes (-Xss)
#   Set larger code cache with -XX:ReservedCodeCacheSize=
# This output file may be truncated or incomplete.
#
#  Out of Memory Error (allocation.cpp:390), pid=1904, tid=0x0000000000000528
#
# JRE version: OpenJDK Runtime Environment (8.0_152-b01) (build 1.8.0_152-release-915-b01)
# Java VM: OpenJDK 64-Bit Server VM (25.152-b01 mixed mode windows-amd64 compressed oops)
# Failed to write core dump. Minidumps are not enabled by default on client versions of Windows
#

---------------  T H R E A D  ---------------

Current thread (0x0000000018d21000):  JavaThread "C2 CompilerThread1" daemon [_thread_in_native, id=1320, stack(0x000000001a580000,0x000000001a680000)]

Stack: [0x000000001a580000,0x000000001a680000]
[error occurred during error reporting (printing stack bounds), id 0xc0000005]

Native frames: (J=compiled Java code, j=interpreted, Vv=VM code, C=native code)


Current CompileTask:
C2:   2787 1408   !   4       java.net.URLClassLoader$1::run (63 bytes)


---------------  P R O C E S S  ---------------

Java Threads: ( => current thread )
  0x000000001bc31000 JavaThread "Cache worker for file hash cache (D:\Builds\NewB2\.gradle\4.1\fileHashes)" [_thread_blocked, id=4952, stack(0x000000001ec90000,0x000000001ed90000)]
  0x000000001bc54000 JavaThread "File lock request listener" [_thread_in_native, id=12064, stack(0x000000001e990000,0x000000001ea90000)]
  0x000000001c4f3800 JavaThread "Cache worker for file hash cache (C:\Users\User\.gradle\caches\4.1\fileHashes)" [_thread_blocked, id=5600, stack(0x000000001e890000,0x000000001e990000)]
  0x000000001bb45800 JavaThread "Stdin handler" [_thread_blocked, id=4612, stack(0x000000001e790000,0x000000001e890000)]
  0x000000001bb45000 JavaThread "Asynchronous log dispatcher for DefaultDaemonConnection: socket connection from /127.0.0.1:57043 to /127.0.0.1:57044" [_thread_blocked, id=3980, stack(0x000000001e690000,0x000000001e790000)]
  0x000000001c544000 JavaThread "Daemon worker" [_thread_in_native, id=7468, stack(0x000000001e590000,0x000000001e690000)]
  0x000000001c489800 JavaThread "Cancel handler" [_thread_blocked, id=9352, stack(0x000000001e490000,0x000000001e590000)]
  0x000000001c082000 JavaThread "Handler for socket connection from /127.0.0.1:57043 to /127.0.0.1:57044" [_thread_in_native, id=5264, stack(0x000000001e190000,0x000000001e290000)]
  0x000000001ba33000 JavaThread "Daemon" [_thread_blocked, id=2956, stack(0x000000001e090000,0x000000001e190000)]
  0x000000001b8a4800 JavaThread "Daemon periodic checks" [_thread_blocked, id=3076, stack(0x000000001df90000,0x000000001e090000)]
  0x000000001bec5000 JavaThread "Incoming local TCP Connector on port 57043" [_thread_in_native, id=11744, stack(0x000000001c550000,0x000000001c650000)]
  0x000000001a7a5000 JavaThread "Service Thread" daemon [_thread_blocked, id=9488, stack(0x000000001ab80000,0x000000001ac80000)]
  0x0000000018d24800 JavaThread "C1 CompilerThread2" daemon [_thread_blocked, id=11220, stack(0x000000001a680000,0x000000001a780000)]
=>0x0000000018d21000 JavaThread "C2 CompilerThread1" daemon [_thread_in_native, id=1320, stack(0x000000001a580000,0x000000001a680000)]
  0x0000000018d1e000 JavaThread "C2 CompilerThread0" daemon [_thread_in_native, id=11340, stack(0x000000001a480000,0x000000001a580000)]
  0x0000000018d1c800 JavaThread "Attach Listener" daemon [_thread_blocked, id=7600, stack(0x000000001a380000,0x000000001a480000)]
  0x0000000018d1b000 JavaThread "Signal Dispatcher" daemon [_thread_blocked, id=10868, stack(0x000000001a280000,0x000000001a380000)]
  0x00000000052ec000 JavaThread "Finalizer" daemon [_thread_blocked, id=8024, stack(0x0000000019f80000,0x000000001a080000)]
  0x00000000052e1800 JavaThread "Reference Handler" daemon [_thread_blocked, id=5180, stack(0x0000000019e80000,0x0000000019f80000)]
  0x00000000053ad800 JavaThread "main" [_thread_blocked, id=4900, stack(0x0000000005090000,0x0000000005190000)]

Other Threads:
  0x0000000018ce5800 VMThread [stack: 0x0000000019d80000,0x0000000019e80000] [id=9992]
  0x000000001a7a7800 WatcherThread [stack: 0x000000001ac80000,0x000000001ad80000] [id=7340]

VM state:not at safepoint (normal execution)

VM Mutex/Monitor currently owned by a thread: None

Heap:
 PSYoungGen      total 53248K, used 18664K [0x00000000e0000000, 0x00000000e6800000, 0x0000000100000000)
  eden space 49152K, 29% used [0x00000000e0000000,0x00000000e0e42110,0x00000000e3000000)
  from space 4096K, 99% used [0x00000000e3000000,0x00000000e33f8020,0x00000000e3400000)
  to   space 4096K, 0% used [0x00000000e6400000,0x00000000e6400000,0x00000000e6800000)
 ParOldGen       total 65536K, used 5237K [0x00000000a0000000, 0x00000000a4000000, 0x00000000e0000000)
  object space 65536K, 7% used [0x00000000a0000000,0x00000000a051d528,0x00000000a4000000)
 Metaspace       used 17160K, capacity 17630K, committed 17792K, reserved 1064960K
  class space    used 2452K, capacity 2621K, committed 2688K, reserved 1048576K

Card table byte_map: [0x0000000014770000,0x0000000014a80000] byte_map_base: 0x0000000014270000

Marking Bits: (ParMarkBitMap*) 0x000000006d8e3950
 Begin Bits: [0x0000000015080000, 0x0000000016880000)
 End Bits:   [0x0000000016880000, 0x0000000018080000)

Polling page: 0x0000000005190000

CodeCache: size=245760Kb used=5150Kb max_used=5150Kb free=240609Kb
 bounds [0x00000000053b0000, 0x00000000058c0000, 0x00000000143b0000]
 total_blobs=1923 nmethods=1545 adapters=291
 compilation: enabled

Compilation events (10 events):
Event: 2.451 Thread 0x0000000018d24800 1550       3       java.security.MessageDigest$Delegate::engineUpdate (11 bytes)
Event: 2.451 Thread 0x0000000018d24800 nmethod 1550 0x00000000058b7910 code [0x00000000058b7a80, 0x00000000058b7ca8]
Event: 2.454 Thread 0x0000000018d24800 1551       1       org.gradle.cache.internal.btree.BlockPointer::getPos (5 bytes)
Event: 2.454 Thread 0x0000000018d24800 nmethod 1551 0x00000000058b7d90 code [0x00000000058b7ee0, 0x00000000058b7ff0]
Event: 2.454 Thread 0x0000000018d24800 1552  s    3       java.io.BufferedOutputStream::write (35 bytes)
Event: 2.454 Thread 0x0000000018d24800 nmethod 1552 0x00000000058b8050 code [0x00000000058b81e0, 0x00000000058b86a8]
Event: 2.457 Thread 0x0000000018d24800 1553       3       java.util.regex.Pattern$5::isSatisfiedBy (28 bytes)
Event: 2.457 Thread 0x0000000018d24800 nmethod 1553 0x00000000058b8890 code [0x00000000058b8a20, 0x00000000058b8db8]
Event: 2.457 Thread 0x0000000018d24800 1554       3       java.util.regex.Pattern$BitClass::isSatisfiedBy (22 bytes)
Event: 2.458 Thread 0x0000000018d24800 nmethod 1554 0x00000000058b8ed0 code [0x00000000058b9040, 0x00000000058b9250]

GC Heap History (6 events):
Event: 0.657 GC heap before
{Heap before GC invocations=1 (full 0):
 PSYoungGen      total 28672K, used 24576K [0x00000000e0000000, 0x00000000e2000000, 0x0000000100000000)
  eden space 24576K, 100% used [0x00000000e0000000,0x00000000e1800000,0x00000000e1800000)
  from space 4096K, 0% used [0x00000000e1c00000,0x00000000e1c00000,0x00000000e2000000)
  to   space 4096K, 0% used [0x00000000e1800000,0x00000000e1800000,0x00000000e1c00000)
 ParOldGen       total 65536K, used 0K [0x00000000a0000000, 0x00000000a4000000, 0x00000000e0000000)
  object space 65536K, 0% used [0x00000000a0000000,0x00000000a0000000,0x00000000a4000000)
 Metaspace       used 6826K, capacity 7000K, committed 7168K, reserved 1056768K
  class space    used 837K, capacity 909K, committed 1024K, reserved 1048576K
Event: 0.663 GC heap after
Heap after GC invocations=1 (full 0):
 PSYoungGen      total 28672K, used 3863K [0x00000000e0000000, 0x00000000e3800000, 0x0000000100000000)
  eden space 24576K, 0% used [0x00000000e0000000,0x00000000e0000000,0x00000000e1800000)
  from space 4096K, 94% used [0x00000000e1800000,0x00000000e1bc5f08,0x00000000e1c00000)
  to   space 4096K, 0% used [0x00000000e3400000,0x00000000e3400000,0x00000000e3800000)
 ParOldGen       total 65536K, used 8K [0x00000000a0000000, 0x00000000a4000000, 0x00000000e0000000)
  object space 65536K, 0% used [0x00000000a0000000,0x00000000a0002000,0x00000000a4000000)
 Metaspace       used 6826K, capacity 7000K, committed 7168K, reserved 1056768K
  class space    used 837K, capacity 909K, committed 1024K, reserved 1048576K
}
Event: 1.035 GC heap before
{Heap before GC invocations=2 (full 0):
 PSYoungGen      total 28672K, used 28439K [0x00000000e0000000, 0x00000000e3800000, 0x0000000100000000)
  eden space 24576K, 100% used [0x00000000e0000000,0x00000000e1800000,0x00000000e1800000)
  from space 4096K, 94% used [0x00000000e1800000,0x00000000e1bc5f08,0x00000000e1c00000)
  to   space 4096K, 0% used [0x00000000e3400000,0x00000000e3400000,0x00000000e3800000)
 ParOldGen       total 65536K, used 8K [0x00000000a0000000, 0x00000000a4000000, 0x00000000e0000000)
  object space 65536K, 0% used [0x00000000a0000000,0x00000000a0002000,0x00000000a4000000)
 Metaspace       used 8571K, capacity 8806K, committed 8960K, reserved 1056768K
  class space    used 1098K, capacity 1231K, committed 1280K, reserved 1048576K
Event: 1.041 GC heap after
Heap after GC invocations=2 (full 0):
 PSYoungGen      total 53248K, used 3631K [0x00000000e0000000, 0x00000000e3800000, 0x0000000100000000)
  eden space 49152K, 0% used [0x00000000e0000000,0x00000000e0000000,0x00000000e3000000)
  from space 4096K, 88% used [0x00000000e3400000,0x00000000e378be00,0x00000000e3800000)
  to   space 4096K, 0% used [0x00000000e3000000,0x00000000e3000000,0x00000000e3400000)
 ParOldGen       total 65536K, used 16K [0x00000000a0000000, 0x00000000a4000000, 0x00000000e0000000)
  object space 65536K, 0% used [0x00000000a0000000,0x00000000a0004000,0x00000000a4000000)
 Metaspace       used 8571K, capacity 8806K, committed 8960K, reserved 1056768K
  class space    used 1098K, capacity 1231K, committed 1280K, reserved 1048576K
}
Event: 2.094 GC heap before
{Heap before GC invocations=3 (full 0):
 PSYoungGen      total 53248K, used 52783K [0x00000000e0000000, 0x00000000e3800000, 0x0000000100000000)
  eden space 49152K, 100% used [0x00000000e0000000,0x00000000e3000000,0x00000000e3000000)
  from space 4096K, 88% used [0x00000000e3400000,0x00000000e378be00,0x00000000e3800000)
  to   space 4096K, 0% used [0x00000000e3000000,0x00000000e3000000,0x00000000e3400000)
 ParOldGen       total 65536K, used 16K [0x00000000a0000000, 0x00000000a4000000, 0x00000000e0000000)
  object space 65536K, 0% used [0x00000000a0000000,0x00000000a0004000,0x00000000a4000000)
 Metaspace       used 15415K, capacity 15696K, committed 15872K, reserved 1062912K
  class space    used 2174K, capacity 2284K, committed 2304K, reserved 1048576K
Event: 2.107 GC heap after
Heap after GC invocations=3 (full 0):
 PSYoungGen      total 53248K, used 4064K [0x00000000e0000000, 0x00000000e6800000, 0x0000000100000000)
  eden space 49152K, 0% used [0x00000000e0000000,0x00000000e0000000,0x00000000e3000000)
  from space 4096K, 99% used [0x00000000e3000000,0x00000000e33f8020,0x00000000e3400000)
  to   space 4096K, 0% used [0x00000000e6400000,0x00000000e6400000,0x00000000e6800000)
 ParOldGen       total 65536K, used 5237K [0x00000000a0000000, 0x00000000a4000000, 0x00000000e0000000)
  object space 65536K, 7% used [0x00000000a0000000,0x00000000a051d528,0x00000000a4000000)
 Metaspace       used 15415K, capacity 15696K, committed 15872K, reserved 1062912K
  class space    used 2174K, capacity 2284K, committed 2304K, reserved 1048576K
}

Deoptimization events (10 events):
Event: 1.839 Thread 0x000000001c544000 Uncommon trap: reason=class_check action=maybe_recompile pc=0x000000000561365c method=java.util.regex.Matcher.match(II)Z @ 86
Event: 1.895 Thread 0x000000001c544000 Uncommon trap: reason=unstable_if action=reinterpret pc=0x00000000057e76f4 method=java.lang.String.lastIndexOf([CII[CIII)I @ 66
Event: 2.171 Thread 0x000000001c544000 Uncommon trap: reason=unstable_if action=reinterpret pc=0x00000000054fe3c8 method=java.net.URI.match(CJJ)Z @ 19
Event: 2.171 Thread 0x000000001c544000 Uncommon trap: reason=unstable_if action=reinterpret pc=0x000000000563cf40 method=java.net.URI.match(CJJ)Z @ 19
Event: 2.309 Thread 0x000000001c544000 Uncommon trap: reason=bimorphic action=maybe_recompile pc=0x0000000005806930 method=java.lang.ClassLoader.loadClass(Ljava/lang/String;Z)Ljava/lang/Class; @ 38
Event: 2.311 Thread 0x000000001c544000 Uncommon trap: reason=bimorphic action=maybe_recompile pc=0x0000000005806930 method=java.lang.ClassLoader.loadClass(Ljava/lang/String;Z)Ljava/lang/Class; @ 38
Event: 2.312 Thread 0x000000001c544000 Uncommon trap: reason=bimorphic action=maybe_recompile pc=0x0000000005806930 method=java.lang.ClassLoader.loadClass(Ljava/lang/String;Z)Ljava/lang/Class; @ 38
Event: 2.312 Thread 0x000000001c544000 Uncommon trap: reason=bimorphic action=maybe_recompile pc=0x0000000005806930 method=java.lang.ClassLoader.loadClass(Ljava/lang/String;Z)Ljava/lang/Class; @ 38
Event: 2.441 Thread 0x000000001c544000 Uncommon trap: reason=unstable_if action=reinterpret pc=0x0000000005666788 method=java.lang.AbstractStringBuilder.append(Ljava/lang/String;)Ljava/lang/AbstractStringBuilder; @ 1
Event: 2.441 Thread 0x000000001c544000 Uncommon trap: reason=unstable_if action=reinterpret pc=0x00000000055ba030 method=java.lang.AbstractStringBuilder.append(Ljava/lang/String;)Ljava/lang/AbstractStringBuilder; @ 1

Classes redefined (0 events):
No events

Internal exceptions (10 events):
Event: 2.352 Thread 0x000000001c544000 Exception <a 'java/lang/NoSuchMethodError': <clinit>> (0x00000000e09caf38) thrown at [D:\src\AOSP-openjdk-cygwin\jdk8u\hotspot\src\share\vm\prims\jni.cpp, line 1613]
Event: 2.353 Thread 0x000000001c544000 Exception <a 'java/lang/NoSuchMethodError': <clinit>> (0x00000000e09d5460) thrown at [D:\src\AOSP-openjdk-cygwin\jdk8u\hotspot\src\share\vm\prims\jni.cpp, line 1613]
Event: 2.354 Thread 0x000000001c544000 Exception <a 'java/lang/NoSuchMethodError': <clinit>> (0x00000000e09e2290) thrown at [D:\src\AOSP-openjdk-cygwin\jdk8u\hotspot\src\share\vm\prims\jni.cpp, line 1613]
Event: 2.356 Thread 0x000000001c544000 Exception <a 'java/lang/NoSuchMethodError': <clinit>> (0x00000000e09f98b0) thrown at [D:\src\AOSP-openjdk-cygwin\jdk8u\hotspot\src\share\vm\prims\jni.cpp, line 1613]
Event: 2.357 Thread 0x000000001c544000 Exception <a 'java/lang/NoSuchMethodError': <clinit>> (0x00000000e0a04c10) thrown at [D:\src\AOSP-openjdk-cygwin\jdk8u\hotspot\src\share\vm\prims\jni.cpp, line 1613]
Event: 2.364 Thread 0x000000001c544000 Exception <a 'java/lang/NoSuchMethodError': <clinit>> (0x00000000e0a54250) thrown at [D:\src\AOSP-openjdk-cygwin\jdk8u\hotspot\src\share\vm\prims\jni.cpp, line 1613]
Event: 2.365 Thread 0x000000001c544000 Exception <a 'java/lang/NoSuchMethodError': <clinit>> (0x00000000e0a57f10) thrown at [D:\src\AOSP-openjdk-cygwin\jdk8u\hotspot\src\share\vm\prims\jni.cpp, line 1613]
Event: 2.366 Thread 0x000000001c544000 Exception <a 'java/lang/NoSuchMethodError': <clinit>> (0x00000000e0a59a18) thrown at [D:\src\AOSP-openjdk-cygwin\jdk8u\hotspot\src\share\vm\prims\jni.cpp, line 1613]
Event: 2.441 Thread 0x000000001c544000 Implicit null exception at 0x00000000056663d6 to 0x0000000005666771
Event: 2.441 Thread 0x000000001c544000 Implicit null exception at 0x00000000055b9c59 to 0x00000000055ba019

Events (10 events):
Event: 2.456 loading class org/objectweb/asm/Opcodes
Event: 2.456 loading class org/objectweb/asm/Opcodes done
Event: 2.462 loading class org/gradle/cache/internal/DefaultPersistentDirectoryCache$Initializer
Event: 2.462 loading class org/gradle/cache/internal/DefaultPersistentDirectoryCache$Initializer done
Event: 2.463 loading class org/gradle/cache/internal/DefaultPersistentDirectoryCache$Cleanup
Event: 2.463 loading class org/gradle/cache/internal/DefaultPersistentDirectoryCache$Cleanup done
Event: 2.470 loading class org/gradle/cache/internal/FixedSharedModeCrossProcessCacheAccess$1
Event: 2.470 loading class org/gradle/cache/internal/FixedSharedModeCrossProcessCacheAccess$1 done
Event: 2.471 loading class org/gradle/groovy/scripts/internal/FileCacheBackedScriptClassCompiler$CompileToCrossBuildCacheAction
Event: 2.471 loading class org/gradle/groovy/scripts/internal/FileCacheBackedScriptClassCompiler$CompileToCrossBuildCacheAction done


Dynamic libraries:
0x00007ff75a580000 - 0x00007ff75a5b1000 	C:\Program Files\Android\Android Studio\jre\bin\java.exe
0x00007ffbb1530000 - 0x00007ffbb1710000 	C:\WINDOWS\SYSTEM32\ntdll.dll
0x00007ffbaf500000 - 0x00007ffbaf5ae000 	C:\WINDOWS\System32\KERNEL32.DLL
0x00007ffbad930000 - 0x00007ffbadb96000 	C:\WINDOWS\System32\KERNELBASE.dll
0x00007ffbafa60000 - 0x00007ffbafb01000 	C:\WINDOWS\System32\ADVAPI32.dll
0x00007ffbaf460000 - 0x00007ffbaf4fd000 	C:\WINDOWS\System32\msvcrt.dll
0x00007ffbaea00000 - 0x00007ffbaea5b000 	C:\WINDOWS\System32\sechost.dll
0x00007ffbaf940000 - 0x00007ffbafa5f000 	C:\WINDOWS\System32\RPCRT4.dll
0x00007ffbaea60000 - 0x00007ffbaebef000 	C:\WINDOWS\System32\USER32.dll
0x00007ffbadba0000 - 0x00007ffbadbc0000 	C:\WINDOWS\System32\win32u.dll
0x00007ffbafb10000 - 0x00007ffbafb38000 	C:\WINDOWS\System32\GDI32.dll
0x00007ffbae6e0000 - 0x00007ffbae874000 	C:\WINDOWS\System32\gdi32full.dll
0x00007ffbae880000 - 0x00007ffbae91b000 	C:\WINDOWS\System32\msvcp_win.dll
0x00007ffbae5e0000 - 0x00007ffbae6d6000 	C:\WINDOWS\System32\ucrtbase.dll
0x00007ffb9cea0000 - 0x00007ffb9d109000 	C:\WINDOWS\WinSxS\amd64_microsoft.windows.common-controls_6595b64144ccf1df_6.0.16299.64_none_cc9304e22215ca8f\COMCTL32.dll
0x00007ffbaefa0000 - 0x00007ffbaf2a8000 	C:\WINDOWS\System32\combase.dll
0x00007ffbae920000 - 0x00007ffbae992000 	C:\WINDOWS\System32\bcryptPrimitives.dll
0x00007ffbafb40000 - 0x00007ffbafb6d000 	C:\WINDOWS\System32\IMM32.DLL
0x000000006cf40000 - 0x000000006d012000 	C:\Program Files\Android\Android Studio\jre\jre\bin\msvcr100.dll
0x000000006d120000 - 0x000000006d95e000 	C:\Program Files\Android\Android Studio\jre\jre\bin\server\jvm.dll
0x00007ffbaf8d0000 - 0x00007ffbaf8d8000 	C:\WINDOWS\System32\PSAPI.DLL
0x00007ffba86e0000 - 0x00007ffba8703000 	C:\WINDOWS\SYSTEM32\WINMM.dll
0x00007ffba8d10000 - 0x00007ffba8d19000 	C:\WINDOWS\SYSTEM32\WSOCK32.dll
0x00007ffb9ea80000 - 0x00007ffb9ea8a000 	C:\WINDOWS\SYSTEM32\VERSION.dll
0x00007ffbb1490000 - 0x00007ffbb14fc000 	C:\WINDOWS\System32\WS2_32.dll
0x00007ffba86b0000 - 0x00007ffba86da000 	C:\WINDOWS\SYSTEM32\WINMMBASE.dll
0x00007ffbadc70000 - 0x00007ffbadcba000 	C:\WINDOWS\System32\cfgmgr32.dll
0x00007ffba8200000 - 0x00007ffba820f000 	C:\Program Files\Android\Android Studio\jre\jre\bin\verify.dll
0x00007ffba1da0000 - 0x00007ffba1dc9000 	C:\Program Files\Android\Android Studio\jre\jre\bin\java.dll
0x00007ffba81e0000 - 0x00007ffba81f6000 	C:\Program Files\Android\Android Studio\jre\jre\bin\zip.dll
0x00007ffbb0030000 - 0x00007ffbb1467000 	C:\WINDOWS\System32\SHELL32.dll
0x00007ffbaf810000 - 0x00007ffbaf8b6000 	C:\WINDOWS\System32\shcore.dll
0x00007ffbade90000 - 0x00007ffbae5d7000 	C:\WINDOWS\System32\windows.storage.dll
0x00007ffbaf8e0000 - 0x00007ffbaf931000 	C:\WINDOWS\System32\shlwapi.dll
0x00007ffbad8d0000 - 0x00007ffbad8e1000 	C:\WINDOWS\System32\kernel.appcore.dll
0x00007ffbad880000 - 0x00007ffbad8cc000 	C:\WINDOWS\System32\powrprof.dll
0x00007ffbad910000 - 0x00007ffbad92b000 	C:\WINDOWS\System32\profapi.dll
0x00007ffba2000000 - 0x00007ffba201a000 	C:\Program Files\Android\Android Studio\jre\jre\bin\net.dll
0x00007ffbad110000 - 0x00007ffbad176000 	C:\WINDOWS\system32\mswsock.dll
0x00007ffba1d80000 - 0x00007ffba1d91000 	C:\Program Files\Android\Android Studio\jre\jre\bin\nio.dll
0x00007ffba1900000 - 0x00007ffba191e000 	C:\Users\User\.gradle\native\25\windows-amd64\native-platform.dll
0x00007ffba79a0000 - 0x00007ffba79ad000 	C:\Program Files\Android\Android Studio\jre\jre\bin\management.dll
0x00007ffbad2d0000 - 0x00007ffbad2e7000 	C:\WINDOWS\SYSTEM32\CRYPTSP.dll
0x00007ffbacd20000 - 0x00007ffbacd53000 	C:\WINDOWS\system32\rsaenh.dll
0x00007ffbad3e0000 - 0x00007ffbad405000 	C:\WINDOWS\SYSTEM32\bcrypt.dll
0x00007ffbad780000 - 0x00007ffbad7a9000 	C:\WINDOWS\SYSTEM32\USERENV.dll
0x00007ffbad2f0000 - 0x00007ffbad2fb000 	C:\WINDOWS\SYSTEM32\CRYPTBASE.dll
0x00007ffbacea0000 - 0x00007ffbaced9000 	C:\WINDOWS\SYSTEM32\IPHLPAPI.DLL
0x00007ffbaffc0000 - 0x00007ffbaffc8000 	C:\WINDOWS\System32\NSI.dll
0x00007ffba96b0000 - 0x00007ffba96c6000 	C:\WINDOWS\SYSTEM32\dhcpcsvc6.DLL
0x00007ffba9d00000 - 0x00007ffba9d1a000 	C:\WINDOWS\SYSTEM32\dhcpcsvc.DLL

VM Arguments:
jvm_args: -Xmx1536m -Dfile.encoding=windows-1251 -Duser.country=RU -Duser.language=ru -Duser.variant 
java_command: org.gradle.launcher.daemon.bootstrap.GradleDaemon 4.1
java_class_path (initial): C:\Users\User\.gradle\wrapper\dists\gradle-4.1-all\bzyivzo6n839fup2jbap0tjew\gradle-4.1\lib\gradle-launcher-4.1.jar
Launcher Type: SUN_STANDARD

Environment Variables:
PATH=C:\ProgramData\Oracle\Java\javapath;C:\Program Files (x86)\Lenovo\FusionEngine;C:\Program Files (x86)\Intel\iCLS Client\;C:\Program Files\Intel\iCLS Client\;C:\WINDOWS\system32;C:\WINDOWS;C:\WINDOWS\System32\Wbem;C:\WINDOWS\System32\WindowsPowerShell\v1.0\;C:\Program Files (x86)\ATI Technologies\ATI.ACE\Core-Static;C:\Program Files\Intel\Intel(R) Management Engine Components\DAL;C:\Program Files (x86)\Intel\Intel(R) Management Engine Components\DAL;C:\Program Files\Intel\Intel(R) Management Engine Components\IPT;C:\Program Files (x86)\Intel\Intel(R) Management Engine Components\IPT;C:\Program Files (x86)\QuickTime\QTSystem\;C:\Program Files (x86)\GtkSharp\2.12\bin;C:\Users\User\.dnx\bin;C:\Program Files\Microsoft DNX\Dnvm\;C:\Program Files\Microsoft SQL Server\130\Tools\Binn\;C:\Program Files (x86)\Skype\Phone\;C:\Program Files (x86)\Brackets\command;C:\Users\User\AppData\Local\Microsoft\WindowsApps;
USERNAME=User
OS=Windows_NT
PROCESSOR_IDENTIFIER=Intel64 Family 6 Model 61 Stepping 4, GenuineIntel



---------------  S Y S T E M  ---------------

OS: Windows 10.0 , 64 bit Build 16299 (10.0.16299.15)

CPU:total 4 (initial active 4) (2 cores per cpu, 2 threads per core) family 6 model 61 stepping 4, cmov, cx8, fxsr, mmx, sse, sse2, sse3, ssse3, sse4.1, sse4.2, popcnt, avx, avx2, aes, clmul, erms, 3dnowpref, lzcnt, ht, tsc, tscinvbit, bmi1, bmi2, adx

Memory: 4k page, physical 6203856k(746588k free), swap 8301008k(3932k free)

vm_info: OpenJDK 64-Bit Server VM (25.152-b01) for windows-amd64 JRE (1.8.0_152-release-915-b01), built by "builder" with MS VC++ 10.0 (VS2010)

time: Wed Nov 22 04:46:01 2017
elapsed time: 2 seconds (0d 0h 0m 2s)

